4/22/2021 10:01:27 AM	This log contains information about the import schema operation into project 'Trophies_Database' on computer 'DESKTOP-ICJ5MMQ' by user 'maconrm180'.
4/22/2021 10:01:27 AM	Import of database schema has started.
4/22/2021 10:01:36 AM	Gathering database credentials
4/22/2021 10:01:36 AM	Gathering database options
4/22/2021 10:01:36 AM	Gathering users
4/22/2021 10:01:36 AM	Gathering roles
4/22/2021 10:01:36 AM	Gathering application roles
4/22/2021 10:01:36 AM	Gathering role memberships
4/22/2021 10:01:36 AM	Gathering filegroups
4/22/2021 10:01:36 AM	Gathering full-text catalogs
4/22/2021 10:01:36 AM	Gathering assemblies
4/22/2021 10:01:36 AM	Gathering certificates
4/22/2021 10:01:36 AM	Gathering asymmetric keys
4/22/2021 10:01:36 AM	Gathering symmetric keys
4/22/2021 10:01:36 AM	Gathering encrypted symmetric keys
4/22/2021 10:01:36 AM	Gathering schemas
4/22/2021 10:01:36 AM	Gathering XML schema collections
4/22/2021 10:01:36 AM	Gathering user-defined data types
4/22/2021 10:01:36 AM	Gathering user-defined types
4/22/2021 10:01:36 AM	Gathering table types
4/22/2021 10:01:36 AM	Gathering unique keys for table types
4/22/2021 10:01:36 AM	Gathering primary keys for table types
4/22/2021 10:01:36 AM	Gathering indexes for table types
4/22/2021 10:01:36 AM	Gathering check constraints for table types
4/22/2021 10:01:36 AM	Gathering default constraints for table types
4/22/2021 10:01:36 AM	Gathering partition functions
4/22/2021 10:01:36 AM	Gathering partition schemes
4/22/2021 10:01:37 AM	Gathering functions
4/22/2021 10:01:37 AM	Gathering encrypted functions
4/22/2021 10:01:37 AM	Gathering aggregates
4/22/2021 10:01:37 AM	Gathering procedures
4/22/2021 10:01:37 AM	Gathering encrypted procedures
4/22/2021 10:01:37 AM	Gathering tables
4/22/2021 10:01:37 AM	Gathering primary keys
4/22/2021 10:01:37 AM	Gathering unique constraints
4/22/2021 10:01:37 AM	Gathering foreign keys
4/22/2021 10:01:37 AM	Gathering default constraints
4/22/2021 10:01:37 AM	Gathering check constraints
4/22/2021 10:01:37 AM	Gathering views
4/22/2021 10:01:37 AM	Gathering encrypted views
4/22/2021 10:01:37 AM	Gathering indexes
4/22/2021 10:01:37 AM	Gathering statistics
4/22/2021 10:01:37 AM	Gathering full-text index stoplists
4/22/2021 10:01:37 AM	Gathering search property lists
4/22/2021 10:01:37 AM	Gathering search properties
4/22/2021 10:01:37 AM	Gathering full-text indexes
4/22/2021 10:01:37 AM	Gathering column store indexes
4/22/2021 10:01:37 AM	Gathering spatial indexes
4/22/2021 10:01:37 AM	Gathering XML indexes
4/22/2021 10:01:37 AM	Gathering Selective XML indexes
4/22/2021 10:01:37 AM	Gathering encrypted triggers
4/22/2021 10:01:37 AM	Gathering triggers
4/22/2021 10:01:37 AM	Gathering encrypted and clr ddl triggers
4/22/2021 10:01:37 AM	Gathering ddl triggers
4/22/2021 10:01:37 AM	Gathering synonyms
4/22/2021 10:01:37 AM	Gathering defaults
4/22/2021 10:01:37 AM	Gathering data constraint uddt bindings
4/22/2021 10:01:37 AM	Gathering rules
4/22/2021 10:01:37 AM	Gathering data constraint uddt bindings
4/22/2021 10:01:37 AM	Gathering message types
4/22/2021 10:01:37 AM	Gathering queues
4/22/2021 10:01:37 AM	Gathering contracts
4/22/2021 10:01:37 AM	Gathering services
4/22/2021 10:01:37 AM	Gathering event notifications
4/22/2021 10:01:37 AM	Gathering remote service bindings
4/22/2021 10:01:37 AM	Gathering broker priorities
4/22/2021 10:01:37 AM	Gathering signatures
4/22/2021 10:01:38 AM	Gathering data compression options
4/22/2021 10:01:38 AM	Gathering sequence types
4/22/2021 10:01:38 AM	Gathering security policies
4/22/2021 10:01:38 AM	Gather column encryption keys
4/22/2021 10:01:38 AM	Gathering column master keys
4/22/2021 10:01:38 AM	Gathering external data sources
4/22/2021 10:01:38 AM	Gathering external file formats
4/22/2021 10:01:38 AM	Gathering external tables
4/22/2021 10:01:38 AM	Gathering extended properties
4/22/2021 10:01:38 AM	Gathering credentials
4/22/2021 10:01:38 AM	Gathering logins
4/22/2021 10:01:38 AM	Gathering server audits
4/22/2021 10:01:38 AM	Scanning project for duplicate elements
4/22/2021 10:01:39 AM	Finished duplicate element processing
4/22/2021 10:01:39 AM	Finished importing database.
4/22/2021 10:01:39 AM	A summary of the import was saved to the following location: C:\Users\maconrm180\Documents\GitHub\TrophyCase2021\TrophyCaseDataBase\Trophies_Database\Import Schema Logs\Trophies_Database_20210422030127.log
4/22/2021 10:01:39 AM	Click Finish to continue...
